This file contains any messages produced by compilers while
running configure, to aid debugging if configure makes a mistake.

It was created by gdbm configure 1.13, which was
generated by GNU Autoconf 2.69.  Invocation command line was

  $ ./configure 

## --------- ##
## Platform. ##
## --------- ##

hostname = osbdata
uname -m = x86_64
uname -r = 3.16.0-4-amd64
uname -s = Linux
uname -v = #1 SMP Debian 3.16.7-ckt11-1+deb8u4 (2015-09-19)

/usr/bin/uname -p = unknown
/bin/uname -X     = unknown

/bin/arch              = unknown
/usr/bin/arch -k       = unknown
/usr/convex/getsysinfo = unknown
/usr/bin/hostinfo      = unknown
/bin/machine           = unknown
/usr/bin/oslevel       = unknown
/bin/universe          = unknown

PATH: /usr/local/sbin
PATH: /usr/local/bin
PATH: /usr/sbin
PATH: /usr/bin
PATH: /sbin
PATH: /bin


## ----------- ##
## Core tests. ##
## ----------- ##

configure:2646: checking for a BSD-compatible install
configure:2714: result: /usr/bin/install -c
configure:2725: checking whether build environment is sane
configure:2780: result: yes
configure:2931: checking for a thread-safe mkdir -p
configure:2970: result: /bin/mkdir -p
configure:2977: checking for gawk
configure:3007: result: no
configure:2977: checking for mawk
configure:2993: found /usr/bin/mawk
configure:3004: result: mawk
configure:3015: checking whether make sets $(MAKE)
configure:3037: result: yes
configure:3066: checking whether make supports nested variables
configure:3083: result: yes
configure:3221: checking whether make supports nested variables
configure:3238: result: yes
configure:3358: checking for gcc
configure:3374: found /usr/bin/gcc
configure:3385: result: gcc
configure:3614: checking for C compiler version
configure:3623: gcc --version >&5
gcc (Debian 4.9.2-10) 4.9.2
Copyright (C) 2014 Free Software Foundation, Inc.
This is free software; see the source for copying conditions.  There is NO
warranty; not even for MERCHANTABILITY or FITNESS FOR A PARTICULAR PURPOSE.

configure:3634: $? = 0
configure:3623: gcc -v >&5
Using built-in specs.
COLLECT_GCC=gcc
COLLECT_LTO_WRAPPER=/usr/lib/gcc/x86_64-linux-gnu/4.9/lto-wrapper
Target: x86_64-linux-gnu
Configured with: ../src/configure -v --with-pkgversion='Debian 4.9.2-10' --with-bugurl=file:///usr/share/doc/gcc-4.9/README.Bugs --enable-languages=c,c++,java,go,d,fortran,objc,obj-c++ --prefix=/usr --program-suffix=-4.9 --enable-shared --enable-linker-build-id --libexecdir=/usr/lib --without-included-gettext --enable-threads=posix --with-gxx-include-dir=/usr/include/c++/4.9 --libdir=/usr/lib --enable-nls --with-sysroot=/ --enable-clocale=gnu --enable-libstdcxx-debug --enable-libstdcxx-time=yes --enable-gnu-unique-object --disable-vtable-verify --enable-plugin --with-system-zlib --disable-browser-plugin --enable-java-awt=gtk --enable-gtk-cairo --with-java-home=/usr/lib/jvm/java-1.5.0-gcj-4.9-amd64/jre --enable-java-home --with-jvm-root-dir=/usr/lib/jvm/java-1.5.0-gcj-4.9-amd64 --with-jvm-jar-dir=/usr/lib/jvm-exports/java-1.5.0-gcj-4.9-amd64 --with-arch-directory=amd64 --with-ecj-jar=/usr/share/java/eclipse-ecj.jar --enable-objc-gc --enable-multiarch --with-arch-32=i586 --with-abi=m64 --with-multilib-list=m32,m64,mx32 --enable-multilib --with-tune=generic --enable-checking=release --build=x86_64-linux-gnu --host=x86_64-linux-gnu --target=x86_64-linux-gnu
Thread model: posix
gcc version 4.9.2 (Debian 4.9.2-10) 
configure:3634: $? = 0
configure:3623: gcc -V >&5
gcc: error: unrecognized command line option '-V'
gcc: fatal error: no input files
compilation terminated.
configure:3634: $? = 4
configure:3623: gcc -qversion >&5
gcc: error: unrecognized command line option '-qversion'
gcc: fatal error: no input files
compilation terminated.
configure:3634: $? = 4
configure:3654: checking whether the C compiler works
configure:3676: gcc    conftest.c  >&5
configure:3680: $? = 0
configure:3728: result: yes
configure:3731: checking for C compiler default output file name
configure:3733: result: a.out
configure:3739: checking for suffix of executables
configure:3746: gcc -o conftest    conftest.c  >&5
configure:3750: $? = 0
configure:3772: result: 
configure:3794: checking whether we are cross compiling
configure:3802: gcc -o conftest    conftest.c  >&5
configure:3806: $? = 0
configure:3813: ./conftest
configure:3817: $? = 0
configure:3832: result: no
configure:3837: checking for suffix of object files
configure:3859: gcc -c   conftest.c >&5
configure:3863: $? = 0
configure:3884: result: o
configure:3888: checking whether we are using the GNU C compiler
configure:3907: gcc -c   conftest.c >&5
configure:3907: $? = 0
configure:3916: result: yes
configure:3925: checking whether gcc accepts -g
configure:3945: gcc -c -g  conftest.c >&5
configure:3945: $? = 0
configure:3986: result: yes
configure:4003: checking for gcc option to accept ISO C89
configure:4066: gcc  -c -g -O2  conftest.c >&5
configure:4066: $? = 0
configure:4079: result: none needed
configure:4104: checking whether gcc understands -c and -o together
configure:4126: gcc -c conftest.c -o conftest2.o
configure:4129: $? = 0
configure:4126: gcc -c conftest.c -o conftest2.o
configure:4129: $? = 0
configure:4141: result: yes
configure:4169: checking for style of include used by make
configure:4197: result: GNU
configure:4223: checking dependency style of gcc
configure:4334: result: gcc3
configure:4354: checking how to run the C preprocessor
configure:4385: gcc -E  conftest.c
configure:4385: $? = 0
configure:4399: gcc -E  conftest.c
conftest.c:11:28: fatal error: ac_nonexistent.h: No such file or directory
 #include <ac_nonexistent.h>
                            ^
compilation terminated.
configure:4399: $? = 1
configure: failed program was:
| /* confdefs.h */
| #define PACKAGE_NAME "gdbm"
| #define PACKAGE_TARNAME "gdbm"
| #define PACKAGE_VERSION "1.13"
| #define PACKAGE_STRING "gdbm 1.13"
| #define PACKAGE_BUGREPORT "bug-gdbm@gnu.org"
| #define PACKAGE_URL "http://www.gnu.org/software/gdbm"
| #define PACKAGE "gdbm"
| #define VERSION "1.13"
| /* end confdefs.h.  */
| #include <ac_nonexistent.h>
configure:4424: result: gcc -E
configure:4444: gcc -E  conftest.c
configure:4444: $? = 0
configure:4458: gcc -E  conftest.c
conftest.c:11:28: fatal error: ac_nonexistent.h: No such file or directory
 #include <ac_nonexistent.h>
                            ^
compilation terminated.
configure:4458: $? = 1
configure: failed program was:
| /* confdefs.h */
| #define PACKAGE_NAME "gdbm"
| #define PACKAGE_TARNAME "gdbm"
| #define PACKAGE_VERSION "1.13"
| #define PACKAGE_STRING "gdbm 1.13"
| #define PACKAGE_BUGREPORT "bug-gdbm@gnu.org"
| #define PACKAGE_URL "http://www.gnu.org/software/gdbm"
| #define PACKAGE "gdbm"
| #define VERSION "1.13"
| /* end confdefs.h.  */
| #include <ac_nonexistent.h>
configure:4516: checking build system type
configure:4530: result: x86_64-unknown-linux-gnu
configure:4550: checking host system type
configure:4563: result: x86_64-unknown-linux-gnu
configure:4604: checking how to print strings
configure:4631: result: printf
configure:4652: checking for a sed that does not truncate output
configure:4716: result: /bin/sed
configure:4734: checking for grep that handles long lines and -e
configure:4792: result: /bin/grep
configure:4797: checking for egrep
configure:4859: result: /bin/grep -E
configure:4864: checking for fgrep
configure:4926: result: /bin/grep -F
configure:4961: checking for ld used by gcc
configure:5028: result: /usr/bin/ld
configure:5035: checking if the linker (/usr/bin/ld) is GNU ld
configure:5050: result: yes
configure:5062: checking for BSD- or MS-compatible name lister (nm)
configure:5111: result: /usr/bin/nm -B
configure:5241: checking the name lister (/usr/bin/nm -B) interface
configure:5248: gcc -c -g -O2  conftest.c >&5
configure:5251: /usr/bin/nm -B "conftest.o"
configure:5254: output
0000000000000000 B some_variable
configure:5261: result: BSD nm
configure:5264: checking whether ln -s works
configure:5268: result: yes
configure:5276: checking the maximum length of command line arguments
configure:5406: result: 1572864
configure:5423: checking whether the shell understands some XSI constructs
configure:5433: result: yes
configure:5437: checking whether the shell understands "+="
configure:5443: result: yes
configure:5478: checking how to convert x86_64-unknown-linux-gnu file names to x86_64-unknown-linux-gnu format
configure:5518: result: func_convert_file_noop
configure:5525: checking how to convert x86_64-unknown-linux-gnu file names to toolchain format
configure:5545: result: func_convert_file_noop
configure:5552: checking for /usr/bin/ld option to reload object files
configure:5559: result: -r
configure:5633: checking for objdump
configure:5649: found /usr/bin/objdump
configure:5660: result: objdump
configure:5692: checking how to recognize dependent libraries
configure:5894: result: pass_all
configure:5979: checking for dlltool
configure:6009: result: no
configure:6039: checking how to associate runtime and link libraries
configure:6066: result: printf %s\n
configure:6127: checking for ar
configure:6143: found /usr/bin/ar
configure:6154: result: ar
configure:6191: checking for archiver @FILE support
configure:6208: gcc -c -g -O2  conftest.c >&5
configure:6208: $? = 0
configure:6211: ar cru libconftest.a @conftest.lst >&5
configure:6214: $? = 0
configure:6219: ar cru libconftest.a @conftest.lst >&5
ar: conftest.o: No such file or directory
configure:6222: $? = 1
configure:6234: result: @
configure:6292: checking for strip
configure:6308: found /usr/bin/strip
configure:6319: result: strip
configure:6391: checking for ranlib
configure:6407: found /usr/bin/ranlib
configure:6418: result: ranlib
configure:6520: checking command to parse /usr/bin/nm -B output from gcc object
configure:6640: gcc -c -g -O2  conftest.c >&5
configure:6643: $? = 0
configure:6647: /usr/bin/nm -B conftest.o \| sed -n -e 's/^.*[ ]\([ABCDGIRSTW][ABCDGIRSTW]*\)[ ][ ]*\([_A-Za-z][_A-Za-z0-9]*\)$/\1 \2 \2/p' | sed '/ __gnu_lto/d' \> conftest.nm
configure:6650: $? = 0
configure:6716: gcc -o conftest -g -O2   conftest.c conftstm.o >&5
configure:6719: $? = 0
configure:6757: result: ok
configure:6794: checking for sysroot
configure:6824: result: no
configure:6901: gcc -c -g -O2  conftest.c >&5
configure:6904: $? = 0
configure:7080: checking for mt
configure:7096: found /bin/mt
configure:7107: result: mt
configure:7130: checking if mt is a manifest tool
configure:7136: mt '-?'
configure:7144: result: no
configure:7782: checking for ANSI C header files
configure:7802: gcc -c -g -O2  conftest.c >&5
configure:7802: $? = 0
configure:7875: gcc -o conftest -g -O2   conftest.c  >&5
configure:7875: $? = 0
configure:7875: ./conftest
configure:7875: $? = 0
configure:7886: result: yes
configure:7899: checking for sys/types.h
configure:7899: gcc -c -g -O2  conftest.c >&5
configure:7899: $? = 0
configure:7899: result: yes
configure:7899: checking for sys/stat.h
configure:7899: gcc -c -g -O2  conftest.c >&5
configure:7899: $? = 0
configure:7899: result: yes
configure:7899: checking for stdlib.h
configure:7899: gcc -c -g -O2  conftest.c >&5
configure:7899: $? = 0
configure:7899: result: yes
configure:7899: checking for string.h
configure:7899: gcc -c -g -O2  conftest.c >&5
configure:7899: $? = 0
configure:7899: result: yes
configure:7899: checking for memory.h
configure:7899: gcc -c -g -O2  conftest.c >&5
configure:7899: $? = 0
configure:7899: result: yes
configure:7899: checking for strings.h
configure:7899: gcc -c -g -O2  conftest.c >&5
configure:7899: $? = 0
configure:7899: result: yes
configure:7899: checking for inttypes.h
configure:7899: gcc -c -g -O2  conftest.c >&5
configure:7899: $? = 0
configure:7899: result: yes
configure:7899: checking for stdint.h
configure:7899: gcc -c -g -O2  conftest.c >&5
configure:7899: $? = 0
configure:7899: result: yes
configure:7899: checking for unistd.h
configure:7899: gcc -c -g -O2  conftest.c >&5
configure:7899: $? = 0
configure:7899: result: yes
configure:7913: checking for dlfcn.h
configure:7913: gcc -c -g -O2  conftest.c >&5
configure:7913: $? = 0
configure:7913: result: yes
configure:8119: checking for objdir
configure:8134: result: .libs
configure:8405: checking if gcc supports -fno-rtti -fno-exceptions
configure:8423: gcc -c -g -O2  -fno-rtti -fno-exceptions conftest.c >&5
cc1: warning: command line option '-fno-rtti' is valid for C++/ObjC++ but not for C
configure:8427: $? = 0
configure:8440: result: no
configure:8767: checking for gcc option to produce PIC
configure:8774: result: -fPIC -DPIC
configure:8782: checking if gcc PIC flag -fPIC -DPIC works
configure:8800: gcc -c -g -O2  -fPIC -DPIC -DPIC conftest.c >&5
configure:8804: $? = 0
configure:8817: result: yes
configure:8846: checking if gcc static flag -static works
configure:8874: result: yes
configure:8889: checking if gcc supports -c -o file.o
configure:8910: gcc -c -g -O2  -o out/conftest2.o conftest.c >&5
configure:8914: $? = 0
configure:8936: result: yes
configure:8944: checking if gcc supports -c -o file.o
configure:8991: result: yes
configure:9024: checking whether the gcc linker (/usr/bin/ld -m elf_x86_64) supports shared libraries
configure:10177: result: yes
configure:10214: checking whether -lc should be explicitly linked in
configure:10222: gcc -c -g -O2  conftest.c >&5
configure:10225: $? = 0
configure:10240: gcc -shared  -fPIC -DPIC conftest.o  -v -Wl,-soname -Wl,conftest -o conftest 2\>\&1 \| /bin/grep  -lc  \>/dev/null 2\>\&1
configure:10243: $? = 0
configure:10257: result: no
configure:10417: checking dynamic linker characteristics
configure:10928: gcc -o conftest -g -O2   -Wl,-rpath -Wl,/foo conftest.c  >&5
configure:10928: $? = 0
configure:11150: result: GNU/Linux ld.so
configure:11257: checking how to hardcode library paths into programs
configure:11282: result: immediate
configure:11822: checking whether stripping libraries is possible
configure:11827: result: yes
configure:11862: checking if libtool supports shared libraries
configure:11864: result: yes
configure:11867: checking whether to build shared libraries
configure:11888: result: yes
configure:11891: checking whether to build static libraries
configure:11895: result: yes
configure:11939: checking for special C compiler options needed for large files
configure:11984: result: no
configure:11990: checking for _FILE_OFFSET_BITS value needed for large files
configure:12015: gcc -c -g -O2  conftest.c >&5
configure:12015: $? = 0
configure:12047: result: no
configure:12136: checking for bison
configure:12166: result: no
configure:12136: checking for byacc
configure:12166: result: no
configure:12179: checking for flex
configure:12209: result: no
configure:12179: checking for lex
configure:12209: result: no
configure:12334: checking for an ANSI C-conforming const
configure:12400: gcc -c -g -O2  conftest.c >&5
configure:12400: $? = 0
configure:12407: result: yes
configure:12416: checking for unsigned long long int
configure:12453: gcc -o conftest -g -O2   conftest.c  >&5
configure:12453: $? = 0
configure:12461: result: yes
configure:12485: checking whether NLS is requested
configure:12494: result: yes
configure:12535: checking for msgfmt
configure:12570: result: no
configure:12576: checking for gmsgfmt
configure:12607: result: :
configure:12658: checking for xgettext
configure:12693: result: no
configure:12736: checking for msgmerge
configure:12770: result: no
configure:12824: checking for ld used by GCC
configure:12888: result: /usr/bin/ld -m elf_x86_64
configure:12895: checking if the linker (/usr/bin/ld -m elf_x86_64) is GNU ld
configure:12908: result: yes
configure:12915: checking for shared library run path origin
configure:12928: result: done
configure:13500: checking for CFPreferencesCopyAppValue
configure:13518: gcc -o conftest -g -O2   conftest.c  -Wl,-framework -Wl,CoreFoundation >&5
conftest.c:24:42: fatal error: CoreFoundation/CFPreferences.h: No such file or directory
 #include <CoreFoundation/CFPreferences.h>
                                          ^
compilation terminated.
configure:13518: $? = 1
configure: failed program was:
| /* confdefs.h */
| #define PACKAGE_NAME "gdbm"
| #define PACKAGE_TARNAME "gdbm"
| #define PACKAGE_VERSION "1.13"
| #define PACKAGE_STRING "gdbm 1.13"
| #define PACKAGE_BUGREPORT "bug-gdbm@gnu.org"
| #define PACKAGE_URL "http://www.gnu.org/software/gdbm"
| #define PACKAGE "gdbm"
| #define VERSION "1.13"
| #define STDC_HEADERS 1
| #define HAVE_SYS_TYPES_H 1
| #define HAVE_SYS_STAT_H 1
| #define HAVE_STDLIB_H 1
| #define HAVE_STRING_H 1
| #define HAVE_MEMORY_H 1
| #define HAVE_STRINGS_H 1
| #define HAVE_INTTYPES_H 1
| #define HAVE_STDINT_H 1
| #define HAVE_UNISTD_H 1
| #define HAVE_DLFCN_H 1
| #define LT_OBJDIR ".libs/"
| #define HAVE_UNSIGNED_LONG_LONG_INT 1
| /* end confdefs.h.  */
| #include <CoreFoundation/CFPreferences.h>
| int
| main ()
| {
| CFPreferencesCopyAppValue(NULL, NULL)
|   ;
|   return 0;
| }
configure:13527: result: no
configure:13534: checking for CFLocaleCopyCurrent
configure:13552: gcc -o conftest -g -O2   conftest.c  -Wl,-framework -Wl,CoreFoundation >&5
conftest.c:24:37: fatal error: CoreFoundation/CFLocale.h: No such file or directory
 #include <CoreFoundation/CFLocale.h>
                                     ^
compilation terminated.
configure:13552: $? = 1
configure: failed program was:
| /* confdefs.h */
| #define PACKAGE_NAME "gdbm"
| #define PACKAGE_TARNAME "gdbm"
| #define PACKAGE_VERSION "1.13"
| #define PACKAGE_STRING "gdbm 1.13"
| #define PACKAGE_BUGREPORT "bug-gdbm@gnu.org"
| #define PACKAGE_URL "http://www.gnu.org/software/gdbm"
| #define PACKAGE "gdbm"
| #define VERSION "1.13"
| #define STDC_HEADERS 1
| #define HAVE_SYS_TYPES_H 1
| #define HAVE_SYS_STAT_H 1
| #define HAVE_STDLIB_H 1
| #define HAVE_STRING_H 1
| #define HAVE_MEMORY_H 1
| #define HAVE_STRINGS_H 1
| #define HAVE_INTTYPES_H 1
| #define HAVE_STDINT_H 1
| #define HAVE_UNISTD_H 1
| #define HAVE_DLFCN_H 1
| #define LT_OBJDIR ".libs/"
| #define HAVE_UNSIGNED_LONG_LONG_INT 1
| /* end confdefs.h.  */
| #include <CoreFoundation/CFLocale.h>
| int
| main ()
| {
| CFLocaleCopyCurrent();
|   ;
|   return 0;
| }
configure:13561: result: no
configure:13610: checking for GNU gettext in libc
configure:13630: gcc -o conftest -g -O2   conftest.c  >&5
configure:13630: $? = 0
configure:13639: result: yes
configure:14430: checking whether to use NLS
configure:14432: result: yes
configure:14435: checking where the gettext function comes from
configure:14446: result: libc
configure:14508: checking sys/file.h usability
configure:14508: gcc -c -g -O2  conftest.c >&5
configure:14508: $? = 0
configure:14508: result: yes
configure:14508: checking sys/file.h presence
configure:14508: gcc -E  conftest.c
configure:14508: $? = 0
configure:14508: result: yes
configure:14508: checking for sys/file.h
configure:14508: result: yes
configure:14508: checking sys/termios.h usability
configure:14508: gcc -c -g -O2  conftest.c >&5
configure:14508: $? = 0
configure:14508: result: yes
configure:14508: checking sys/termios.h presence
configure:14508: gcc -E  conftest.c
configure:14508: $? = 0
configure:14508: result: yes
configure:14508: checking for sys/termios.h
configure:14508: result: yes
configure:14508: checking for string.h
configure:14508: result: yes
configure:14508: checking locale.h usability
configure:14508: gcc -c -g -O2  conftest.c >&5
configure:14508: $? = 0
configure:14508: result: yes
configure:14508: checking locale.h presence
configure:14508: gcc -E  conftest.c
configure:14508: $? = 0
configure:14508: result: yes
configure:14508: checking for locale.h
configure:14508: result: yes
configure:14508: checking getopt.h usability
configure:14508: gcc -c -g -O2  conftest.c >&5
configure:14508: $? = 0
configure:14508: result: yes
configure:14508: checking getopt.h presence
configure:14508: gcc -E  conftest.c
configure:14508: $? = 0
configure:14508: result: yes
configure:14508: checking for getopt.h
configure:14508: result: yes
configure:14519: checking for main in -ldbm
configure:14538: gcc -o conftest -g -O2   conftest.c -ldbm   >&5
/usr/bin/ld: cannot find -ldbm
collect2: error: ld returned 1 exit status
configure:14538: $? = 1
configure: failed program was:
| /* confdefs.h */
| #define PACKAGE_NAME "gdbm"
| #define PACKAGE_TARNAME "gdbm"
| #define PACKAGE_VERSION "1.13"
| #define PACKAGE_STRING "gdbm 1.13"
| #define PACKAGE_BUGREPORT "bug-gdbm@gnu.org"
| #define PACKAGE_URL "http://www.gnu.org/software/gdbm"
| #define PACKAGE "gdbm"
| #define VERSION "1.13"
| #define STDC_HEADERS 1
| #define HAVE_SYS_TYPES_H 1
| #define HAVE_SYS_STAT_H 1
| #define HAVE_STDLIB_H 1
| #define HAVE_STRING_H 1
| #define HAVE_MEMORY_H 1
| #define HAVE_STRINGS_H 1
| #define HAVE_INTTYPES_H 1
| #define HAVE_STDINT_H 1
| #define HAVE_UNISTD_H 1
| #define HAVE_DLFCN_H 1
| #define LT_OBJDIR ".libs/"
| #define HAVE_UNSIGNED_LONG_LONG_INT 1
| #define ENABLE_NLS 1
| #define HAVE_GETTEXT 1
| #define HAVE_DCGETTEXT 1
| #define HAVE_SYS_FILE_H 1
| #define HAVE_SYS_TERMIOS_H 1
| #define HAVE_STRING_H 1
| #define HAVE_LOCALE_H 1
| #define HAVE_GETOPT_H 1
| /* end confdefs.h.  */
| 
| 
| int
| main ()
| {
| return main ();
|   ;
|   return 0;
| }
configure:14547: result: no
configure:14558: checking for main in -lndbm
configure:14577: gcc -o conftest -g -O2   conftest.c -lndbm   >&5
/usr/bin/ld: cannot find -lndbm
collect2: error: ld returned 1 exit status
configure:14577: $? = 1
configure: failed program was:
| /* confdefs.h */
| #define PACKAGE_NAME "gdbm"
| #define PACKAGE_TARNAME "gdbm"
| #define PACKAGE_VERSION "1.13"
| #define PACKAGE_STRING "gdbm 1.13"
| #define PACKAGE_BUGREPORT "bug-gdbm@gnu.org"
| #define PACKAGE_URL "http://www.gnu.org/software/gdbm"
| #define PACKAGE "gdbm"
| #define VERSION "1.13"
| #define STDC_HEADERS 1
| #define HAVE_SYS_TYPES_H 1
| #define HAVE_SYS_STAT_H 1
| #define HAVE_STDLIB_H 1
| #define HAVE_STRING_H 1
| #define HAVE_MEMORY_H 1
| #define HAVE_STRINGS_H 1
| #define HAVE_INTTYPES_H 1
| #define HAVE_STDINT_H 1
| #define HAVE_UNISTD_H 1
| #define HAVE_DLFCN_H 1
| #define LT_OBJDIR ".libs/"
| #define HAVE_UNSIGNED_LONG_LONG_INT 1
| #define ENABLE_NLS 1
| #define HAVE_GETTEXT 1
| #define HAVE_DCGETTEXT 1
| #define HAVE_SYS_FILE_H 1
| #define HAVE_SYS_TERMIOS_H 1
| #define HAVE_STRING_H 1
| #define HAVE_LOCALE_H 1
| #define HAVE_GETOPT_H 1
| /* end confdefs.h.  */
| 
| 
| int
| main ()
| {
| return main ();
|   ;
|   return 0;
| }
configure:14586: result: no
configure:14600: checking for ftruncate
configure:14600: gcc -o conftest -g -O2   conftest.c  >&5
configure:14600: $? = 0
configure:14600: result: yes
configure:14600: checking for flock
configure:14600: gcc -o conftest -g -O2   conftest.c  >&5
configure:14600: $? = 0
configure:14600: result: yes
configure:14600: checking for lockf
configure:14600: gcc -o conftest -g -O2   conftest.c  >&5
configure:14600: $? = 0
configure:14600: result: yes
configure:14600: checking for fsync
configure:14600: gcc -o conftest -g -O2   conftest.c  >&5
configure:14600: $? = 0
configure:14600: result: yes
configure:14600: checking for setlocale
configure:14600: gcc -o conftest -g -O2   conftest.c  >&5
configure:14600: $? = 0
configure:14600: result: yes
configure:14600: checking for getopt_long
configure:14600: gcc -o conftest -g -O2   conftest.c  >&5
configure:14600: $? = 0
configure:14600: result: yes
configure:14618: checking for stdlib.h
configure:14618: result: yes
configure:14618: checking for unistd.h
configure:14618: result: yes
configure:14618: checking for sys/param.h
configure:14618: gcc -c -g -O2  conftest.c >&5
configure:14618: $? = 0
configure:14618: result: yes
configure:14638: checking for getpagesize
configure:14638: gcc -o conftest -g -O2   conftest.c  >&5
configure:14638: $? = 0
configure:14638: result: yes
configure:14647: checking for working mmap
configure:14794: gcc -o conftest -g -O2   conftest.c  >&5
configure:14794: $? = 0
configure:14794: ./conftest
configure:14794: $? = 0
configure:14804: result: yes
configure:14815: checking for msync
configure:14815: gcc -o conftest -g -O2   conftest.c  >&5
configure:14815: $? = 0
configure:14815: result: yes
configure:14825: checking for off_t
configure:14825: gcc -c -g -O2  conftest.c >&5
configure:14825: $? = 0
configure:14825: gcc -c -g -O2  conftest.c >&5
conftest.c: In function 'main':
conftest.c:80:20: error: expected expression before ')' token
 if (sizeof ((off_t)))
                    ^
configure:14825: $? = 1
configure: failed program was:
| /* confdefs.h */
| #define PACKAGE_NAME "gdbm"
| #define PACKAGE_TARNAME "gdbm"
| #define PACKAGE_VERSION "1.13"
| #define PACKAGE_STRING "gdbm 1.13"
| #define PACKAGE_BUGREPORT "bug-gdbm@gnu.org"
| #define PACKAGE_URL "http://www.gnu.org/software/gdbm"
| #define PACKAGE "gdbm"
| #define VERSION "1.13"
| #define STDC_HEADERS 1
| #define HAVE_SYS_TYPES_H 1
| #define HAVE_SYS_STAT_H 1
| #define HAVE_STDLIB_H 1
| #define HAVE_STRING_H 1
| #define HAVE_MEMORY_H 1
| #define HAVE_STRINGS_H 1
| #define HAVE_INTTYPES_H 1
| #define HAVE_STDINT_H 1
| #define HAVE_UNISTD_H 1
| #define HAVE_DLFCN_H 1
| #define LT_OBJDIR ".libs/"
| #define HAVE_UNSIGNED_LONG_LONG_INT 1
| #define ENABLE_NLS 1
| #define HAVE_GETTEXT 1
| #define HAVE_DCGETTEXT 1
| #define HAVE_SYS_FILE_H 1
| #define HAVE_SYS_TERMIOS_H 1
| #define HAVE_STRING_H 1
| #define HAVE_LOCALE_H 1
| #define HAVE_GETOPT_H 1
| #define HAVE_FTRUNCATE 1
| #define HAVE_FLOCK 1
| #define HAVE_LOCKF 1
| #define HAVE_FSYNC 1
| #define HAVE_SETLOCALE 1
| #define HAVE_GETOPT_LONG 1
| #define HAVE_STDLIB_H 1
| #define HAVE_UNISTD_H 1
| #define HAVE_SYS_PARAM_H 1
| #define HAVE_GETPAGESIZE 1
| #define HAVE_MMAP 1
| #define HAVE_MSYNC 1
| /* end confdefs.h.  */
| #include <stdio.h>
| #ifdef HAVE_SYS_TYPES_H
| # include <sys/types.h>
| #endif
| #ifdef HAVE_SYS_STAT_H
| # include <sys/stat.h>
| #endif
| #ifdef STDC_HEADERS
| # include <stdlib.h>
| # include <stddef.h>
| #else
| # ifdef HAVE_STDLIB_H
| #  include <stdlib.h>
| # endif
| #endif
| #ifdef HAVE_STRING_H
| # if !defined STDC_HEADERS && defined HAVE_MEMORY_H
| #  include <memory.h>
| # endif
| # include <string.h>
| #endif
| #ifdef HAVE_STRINGS_H
| # include <strings.h>
| #endif
| #ifdef HAVE_INTTYPES_H
| # include <inttypes.h>
| #endif
| #ifdef HAVE_STDINT_H
| # include <stdint.h>
| #endif
| #ifdef HAVE_UNISTD_H
| # include <unistd.h>
| #endif
| int
| main ()
| {
| if (sizeof ((off_t)))
| 	    return 0;
|   ;
|   return 0;
| }
configure:14825: result: yes
configure:14840: checking size of off_t
configure:14845: gcc -o conftest -g -O2   conftest.c  >&5
configure:14845: $? = 0
configure:14845: ./conftest
configure:14845: $? = 0
configure:14859: result: 8
configure:14869: checking for struct stat.st_blksize
configure:14869: gcc -c -g -O2  conftest.c >&5
configure:14869: $? = 0
configure:14869: result: yes
configure:14904: checking for tputs in -lncurses
configure:14929: gcc -o conftest -g -O2   conftest.c -lncurses   >&5
/usr/bin/ld: cannot find -lncurses
collect2: error: ld returned 1 exit status
configure:14929: $? = 1
configure: failed program was:
| /* confdefs.h */
| #define PACKAGE_NAME "gdbm"
| #define PACKAGE_TARNAME "gdbm"
| #define PACKAGE_VERSION "1.13"
| #define PACKAGE_STRING "gdbm 1.13"
| #define PACKAGE_BUGREPORT "bug-gdbm@gnu.org"
| #define PACKAGE_URL "http://www.gnu.org/software/gdbm"
| #define PACKAGE "gdbm"
| #define VERSION "1.13"
| #define STDC_HEADERS 1
| #define HAVE_SYS_TYPES_H 1
| #define HAVE_SYS_STAT_H 1
| #define HAVE_STDLIB_H 1
| #define HAVE_STRING_H 1
| #define HAVE_MEMORY_H 1
| #define HAVE_STRINGS_H 1
| #define HAVE_INTTYPES_H 1
| #define HAVE_STDINT_H 1
| #define HAVE_UNISTD_H 1
| #define HAVE_DLFCN_H 1
| #define LT_OBJDIR ".libs/"
| #define HAVE_UNSIGNED_LONG_LONG_INT 1
| #define ENABLE_NLS 1
| #define HAVE_GETTEXT 1
| #define HAVE_DCGETTEXT 1
| #define HAVE_SYS_FILE_H 1
| #define HAVE_SYS_TERMIOS_H 1
| #define HAVE_STRING_H 1
| #define HAVE_LOCALE_H 1
| #define HAVE_GETOPT_H 1
| #define HAVE_FTRUNCATE 1
| #define HAVE_FLOCK 1
| #define HAVE_LOCKF 1
| #define HAVE_FSYNC 1
| #define HAVE_SETLOCALE 1
| #define HAVE_GETOPT_LONG 1
| #define HAVE_STDLIB_H 1
| #define HAVE_UNISTD_H 1
| #define HAVE_SYS_PARAM_H 1
| #define HAVE_GETPAGESIZE 1
| #define HAVE_MMAP 1
| #define HAVE_MSYNC 1
| #define SIZEOF_OFF_T 8
| #define HAVE_STRUCT_STAT_ST_BLKSIZE 1
| /* end confdefs.h.  */
| 
| /* Override any GCC internal prototype to avoid an error.
|    Use char because int might match the return type of a GCC
|    builtin and then its argument prototype would still apply.  */
| #ifdef __cplusplus
| extern "C"
| #endif
| char tputs ();
| int
| main ()
| {
| return tputs ();
|   ;
|   return 0;
| }
configure:14939: result: no
configure:14904: checking for tputs in -lcurses
configure:14929: gcc -o conftest -g -O2   conftest.c -lcurses   >&5
/usr/bin/ld: cannot find -lcurses
collect2: error: ld returned 1 exit status
configure:14929: $? = 1
configure: failed program was:
| /* confdefs.h */
| #define PACKAGE_NAME "gdbm"
| #define PACKAGE_TARNAME "gdbm"
| #define PACKAGE_VERSION "1.13"
| #define PACKAGE_STRING "gdbm 1.13"
| #define PACKAGE_BUGREPORT "bug-gdbm@gnu.org"
| #define PACKAGE_URL "http://www.gnu.org/software/gdbm"
| #define PACKAGE "gdbm"
| #define VERSION "1.13"
| #define STDC_HEADERS 1
| #define HAVE_SYS_TYPES_H 1
| #define HAVE_SYS_STAT_H 1
| #define HAVE_STDLIB_H 1
| #define HAVE_STRING_H 1
| #define HAVE_MEMORY_H 1
| #define HAVE_STRINGS_H 1
| #define HAVE_INTTYPES_H 1
| #define HAVE_STDINT_H 1
| #define HAVE_UNISTD_H 1
| #define HAVE_DLFCN_H 1
| #define LT_OBJDIR ".libs/"
| #define HAVE_UNSIGNED_LONG_LONG_INT 1
| #define ENABLE_NLS 1
| #define HAVE_GETTEXT 1
| #define HAVE_DCGETTEXT 1
| #define HAVE_SYS_FILE_H 1
| #define HAVE_SYS_TERMIOS_H 1
| #define HAVE_STRING_H 1
| #define HAVE_LOCALE_H 1
| #define HAVE_GETOPT_H 1
| #define HAVE_FTRUNCATE 1
| #define HAVE_FLOCK 1
| #define HAVE_LOCKF 1
| #define HAVE_FSYNC 1
| #define HAVE_SETLOCALE 1
| #define HAVE_GETOPT_LONG 1
| #define HAVE_STDLIB_H 1
| #define HAVE_UNISTD_H 1
| #define HAVE_SYS_PARAM_H 1
| #define HAVE_GETPAGESIZE 1
| #define HAVE_MMAP 1
| #define HAVE_MSYNC 1
| #define SIZEOF_OFF_T 8
| #define HAVE_STRUCT_STAT_ST_BLKSIZE 1
| /* end confdefs.h.  */
| 
| /* Override any GCC internal prototype to avoid an error.
|    Use char because int might match the return type of a GCC
|    builtin and then its argument prototype would still apply.  */
| #ifdef __cplusplus
| extern "C"
| #endif
| char tputs ();
| int
| main ()
| {
| return tputs ();
|   ;
|   return 0;
| }
configure:14939: result: no
configure:14904: checking for tputs in -ltermcap
configure:14929: gcc -o conftest -g -O2   conftest.c -ltermcap   >&5
/usr/bin/ld: cannot find -ltermcap
collect2: error: ld returned 1 exit status
configure:14929: $? = 1
configure: failed program was:
| /* confdefs.h */
| #define PACKAGE_NAME "gdbm"
| #define PACKAGE_TARNAME "gdbm"
| #define PACKAGE_VERSION "1.13"
| #define PACKAGE_STRING "gdbm 1.13"
| #define PACKAGE_BUGREPORT "bug-gdbm@gnu.org"
| #define PACKAGE_URL "http://www.gnu.org/software/gdbm"
| #define PACKAGE "gdbm"
| #define VERSION "1.13"
| #define STDC_HEADERS 1
| #define HAVE_SYS_TYPES_H 1
| #define HAVE_SYS_STAT_H 1
| #define HAVE_STDLIB_H 1
| #define HAVE_STRING_H 1
| #define HAVE_MEMORY_H 1
| #define HAVE_STRINGS_H 1
| #define HAVE_INTTYPES_H 1
| #define HAVE_STDINT_H 1
| #define HAVE_UNISTD_H 1
| #define HAVE_DLFCN_H 1
| #define LT_OBJDIR ".libs/"
| #define HAVE_UNSIGNED_LONG_LONG_INT 1
| #define ENABLE_NLS 1
| #define HAVE_GETTEXT 1
| #define HAVE_DCGETTEXT 1
| #define HAVE_SYS_FILE_H 1
| #define HAVE_SYS_TERMIOS_H 1
| #define HAVE_STRING_H 1
| #define HAVE_LOCALE_H 1
| #define HAVE_GETOPT_H 1
| #define HAVE_FTRUNCATE 1
| #define HAVE_FLOCK 1
| #define HAVE_LOCKF 1
| #define HAVE_FSYNC 1
| #define HAVE_SETLOCALE 1
| #define HAVE_GETOPT_LONG 1
| #define HAVE_STDLIB_H 1
| #define HAVE_UNISTD_H 1
| #define HAVE_SYS_PARAM_H 1
| #define HAVE_GETPAGESIZE 1
| #define HAVE_MMAP 1
| #define HAVE_MSYNC 1
| #define SIZEOF_OFF_T 8
| #define HAVE_STRUCT_STAT_ST_BLKSIZE 1
| /* end confdefs.h.  */
| 
| /* Override any GCC internal prototype to avoid an error.
|    Use char because int might match the return type of a GCC
|    builtin and then its argument prototype would still apply.  */
| #ifdef __cplusplus
| extern "C"
| #endif
| char tputs ();
| int
| main ()
| {
| return tputs ();
|   ;
|   return 0;
| }
configure:14939: result: no
configure:14968: checking for readline in -lreadline
configure:14993: gcc -o conftest -g -O2   conftest.c -lreadline    >&5
/usr/bin/ld: cannot find -lreadline
collect2: error: ld returned 1 exit status
configure:14993: $? = 1
configure: failed program was:
| /* confdefs.h */
| #define PACKAGE_NAME "gdbm"
| #define PACKAGE_TARNAME "gdbm"
| #define PACKAGE_VERSION "1.13"
| #define PACKAGE_STRING "gdbm 1.13"
| #define PACKAGE_BUGREPORT "bug-gdbm@gnu.org"
| #define PACKAGE_URL "http://www.gnu.org/software/gdbm"
| #define PACKAGE "gdbm"
| #define VERSION "1.13"
| #define STDC_HEADERS 1
| #define HAVE_SYS_TYPES_H 1
| #define HAVE_SYS_STAT_H 1
| #define HAVE_STDLIB_H 1
| #define HAVE_STRING_H 1
| #define HAVE_MEMORY_H 1
| #define HAVE_STRINGS_H 1
| #define HAVE_INTTYPES_H 1
| #define HAVE_STDINT_H 1
| #define HAVE_UNISTD_H 1
| #define HAVE_DLFCN_H 1
| #define LT_OBJDIR ".libs/"
| #define HAVE_UNSIGNED_LONG_LONG_INT 1
| #define ENABLE_NLS 1
| #define HAVE_GETTEXT 1
| #define HAVE_DCGETTEXT 1
| #define HAVE_SYS_FILE_H 1
| #define HAVE_SYS_TERMIOS_H 1
| #define HAVE_STRING_H 1
| #define HAVE_LOCALE_H 1
| #define HAVE_GETOPT_H 1
| #define HAVE_FTRUNCATE 1
| #define HAVE_FLOCK 1
| #define HAVE_LOCKF 1
| #define HAVE_FSYNC 1
| #define HAVE_SETLOCALE 1
| #define HAVE_GETOPT_LONG 1
| #define HAVE_STDLIB_H 1
| #define HAVE_UNISTD_H 1
| #define HAVE_SYS_PARAM_H 1
| #define HAVE_GETPAGESIZE 1
| #define HAVE_MMAP 1
| #define HAVE_MSYNC 1
| #define SIZEOF_OFF_T 8
| #define HAVE_STRUCT_STAT_ST_BLKSIZE 1
| /* end confdefs.h.  */
| 
| /* Override any GCC internal prototype to avoid an error.
|    Use char because int might match the return type of a GCC
|    builtin and then its argument prototype would still apply.  */
| #ifdef __cplusplus
| extern "C"
| #endif
| char readline ();
| int
| main ()
| {
| return readline ();
|   ;
|   return 0;
| }
configure:15002: result: no
configure:15208: checking that generated files are newer than configure
configure:15214: result: done
configure:15253: creating ./config.status

## ---------------------- ##
## Running config.status. ##
## ---------------------- ##

This file was extended by gdbm config.status 1.13, which was
generated by GNU Autoconf 2.69.  Invocation command line was

  CONFIG_FILES    = 
  CONFIG_HEADERS  = 
  CONFIG_LINKS    = 
  CONFIG_COMMANDS = 
  $ ./config.status 

on osbdata

config.status:1170: creating tests/Makefile
config.status:1170: creating tests/atlocal
config.status:1170: creating po/Makefile.in
config.status:1170: creating Makefile
config.status:1170: creating src/Makefile
config.status:1170: creating src/gdbm.h
config.status:1170: creating doc/Makefile
config.status:1170: creating compat/Makefile
config.status:1170: creating export/Makefile
config.status:1170: creating autoconf.h
config.status:1351: autoconf.h is unchanged
config.status:1399: executing depfiles commands
config.status:1399: executing libtool commands
config.status:1399: executing po-directories commands
config.status:1399: executing tests/atconfig commands
config.status:1399: executing status commands

## ---------------- ##
## Cache variables. ##
## ---------------- ##

ac_cv_build=x86_64-unknown-linux-gnu
ac_cv_c_compiler_gnu=yes
ac_cv_c_const=yes
ac_cv_env_CC_set=
ac_cv_env_CC_value=
ac_cv_env_CFLAGS_set=
ac_cv_env_CFLAGS_value=
ac_cv_env_COMPATINCLUDEDIR_set=
ac_cv_env_COMPATINCLUDEDIR_value=
ac_cv_env_CPPFLAGS_set=
ac_cv_env_CPPFLAGS_value=
ac_cv_env_CPP_set=
ac_cv_env_CPP_value=
ac_cv_env_LDFLAGS_set=
ac_cv_env_LDFLAGS_value=
ac_cv_env_LIBS_set=
ac_cv_env_LIBS_value=
ac_cv_env_YACC_set=
ac_cv_env_YACC_value=
ac_cv_env_YFLAGS_set=
ac_cv_env_YFLAGS_value=
ac_cv_env_build_alias_set=
ac_cv_env_build_alias_value=
ac_cv_env_host_alias_set=
ac_cv_env_host_alias_value=
ac_cv_env_target_alias_set=
ac_cv_env_target_alias_value=
ac_cv_func_flock=yes
ac_cv_func_fsync=yes
ac_cv_func_ftruncate=yes
ac_cv_func_getopt_long=yes
ac_cv_func_getpagesize=yes
ac_cv_func_lockf=yes
ac_cv_func_mmap_fixed_mapped=yes
ac_cv_func_msync=yes
ac_cv_func_setlocale=yes
ac_cv_header_dlfcn_h=yes
ac_cv_header_getopt_h=yes
ac_cv_header_inttypes_h=yes
ac_cv_header_locale_h=yes
ac_cv_header_memory_h=yes
ac_cv_header_stdc=yes
ac_cv_header_stdint_h=yes
ac_cv_header_stdlib_h=yes
ac_cv_header_string_h=yes
ac_cv_header_strings_h=yes
ac_cv_header_sys_file_h=yes
ac_cv_header_sys_param_h=yes
ac_cv_header_sys_stat_h=yes
ac_cv_header_sys_termios_h=yes
ac_cv_header_sys_types_h=yes
ac_cv_header_unistd_h=yes
ac_cv_host=x86_64-unknown-linux-gnu
ac_cv_lib_curses___tputs=no
ac_cv_lib_dbm_main=no
ac_cv_lib_ncurses___tputs=no
ac_cv_lib_ndbm_main=no
ac_cv_lib_readline_readline=no
ac_cv_lib_termcap___tputs=no
ac_cv_member_struct_stat_st_blksize=yes
ac_cv_objext=o
ac_cv_path_EGREP='/bin/grep -E'
ac_cv_path_FGREP='/bin/grep -F'
ac_cv_path_GMSGFMT=:
ac_cv_path_GREP=/bin/grep
ac_cv_path_MSGFMT=:
ac_cv_path_MSGMERGE=:
ac_cv_path_SED=/bin/sed
ac_cv_path_XGETTEXT=:
ac_cv_path_install='/usr/bin/install -c'
ac_cv_path_mkdir=/bin/mkdir
ac_cv_prog_AWK=mawk
ac_cv_prog_CPP='gcc -E'
ac_cv_prog_ac_ct_AR=ar
ac_cv_prog_ac_ct_CC=gcc
ac_cv_prog_ac_ct_MANIFEST_TOOL=mt
ac_cv_prog_ac_ct_OBJDUMP=objdump
ac_cv_prog_ac_ct_RANLIB=ranlib
ac_cv_prog_ac_ct_STRIP=strip
ac_cv_prog_cc_c89=
ac_cv_prog_cc_g=yes
ac_cv_prog_make_make_set=yes
ac_cv_sizeof_off_t=8
ac_cv_sys_file_offset_bits=no
ac_cv_sys_largefile_CC=no
ac_cv_type_off_t=yes
ac_cv_type_unsigned_long_long_int=yes
acl_cv_hardcode_direct=no
acl_cv_hardcode_libdir_flag_spec='${wl}-rpath ${wl}$libdir'
acl_cv_hardcode_libdir_separator=
acl_cv_hardcode_minus_L=no
acl_cv_libext=a
acl_cv_libname_spec='lib$name'
acl_cv_library_names_spec='$libname$shrext'
acl_cv_path_LD='/usr/bin/ld -m elf_x86_64'
acl_cv_prog_gnu_ld=yes
acl_cv_rpath=done
acl_cv_shlibext=so
acl_cv_wl=-Wl,
am_cv_CC_dependencies_compiler_type=gcc3
am_cv_make_support_nested_variables=yes
am_cv_prog_cc_c_o=yes
gt_cv_func_CFLocaleCopyCurrent=no
gt_cv_func_CFPreferencesCopyAppValue=no
gt_cv_func_gnugettext2_libc=yes
lt_cv_ar_at_file=@
lt_cv_archive_cmds_need_lc=no
lt_cv_deplibs_check_method=pass_all
lt_cv_file_magic_cmd='$MAGIC_CMD'
lt_cv_file_magic_test_file=
lt_cv_ld_reload_flag=-r
lt_cv_nm_interface='BSD nm'
lt_cv_objdir=.libs
lt_cv_path_LD=/usr/bin/ld
lt_cv_path_NM='/usr/bin/nm -B'
lt_cv_path_mainfest_tool=no
lt_cv_prog_compiler_c_o=yes
lt_cv_prog_compiler_pic='-fPIC -DPIC'
lt_cv_prog_compiler_pic_works=yes
lt_cv_prog_compiler_rtti_exceptions=no
lt_cv_prog_compiler_static_works=yes
lt_cv_prog_gnu_ld=yes
lt_cv_sharedlib_from_linklib_cmd='printf %s\n'
lt_cv_shlibpath_overrides_runpath=no
lt_cv_sys_global_symbol_pipe='sed -n -e '\''s/^.*[	 ]\([ABCDGIRSTW][ABCDGIRSTW]*\)[	 ][	 ]*\([_A-Za-z][_A-Za-z0-9]*\)$/\1 \2 \2/p'\'' | sed '\''/ __gnu_lto/d'\'''
lt_cv_sys_global_symbol_to_c_name_address='sed -n -e '\''s/^: \([^ ]*\)[ ]*$/  {\"\1\", (void *) 0},/p'\'' -e '\''s/^[ABCDGIRSTW]* \([^ ]*\) \([^ ]*\)$/  {"\2", (void *) \&\2},/p'\'''
lt_cv_sys_global_symbol_to_c_name_address_lib_prefix='sed -n -e '\''s/^: \([^ ]*\)[ ]*$/  {\"\1\", (void *) 0},/p'\'' -e '\''s/^[ABCDGIRSTW]* \([^ ]*\) \(lib[^ ]*\)$/  {"\2", (void *) \&\2},/p'\'' -e '\''s/^[ABCDGIRSTW]* \([^ ]*\) \([^ ]*\)$/  {"lib\2", (void *) \&\2},/p'\'''
lt_cv_sys_global_symbol_to_cdecl='sed -n -e '\''s/^T .* \(.*\)$/extern int \1();/p'\'' -e '\''s/^[ABCDGIRSTW]* .* \(.*\)$/extern char \1;/p'\'''
lt_cv_sys_max_cmd_len=1572864
lt_cv_to_host_file_cmd=func_convert_file_noop
lt_cv_to_tool_file_cmd=func_convert_file_noop

## ----------------- ##
## Output variables. ##
## ----------------- ##

ACLOCAL='${SHELL} /home/luow/467/Database/dbm/gdbm-1.13/build-aux/missing aclocal-1.14'
AMDEPBACKSLASH='\'
AMDEP_FALSE='#'
AMDEP_TRUE=''
AMTAR='$${TAR-tar}'
AM_BACKSLASH='\'
AM_DEFAULT_V='$(AM_DEFAULT_VERBOSITY)'
AM_DEFAULT_VERBOSITY='0'
AM_V='$(V)'
AR='ar'
AUTOCONF='${SHELL} /home/luow/467/Database/dbm/gdbm-1.13/build-aux/missing autoconf'
AUTOHEADER='${SHELL} /home/luow/467/Database/dbm/gdbm-1.13/build-aux/missing autoheader'
AUTOM4TE='${SHELL} /home/luow/467/Database/dbm/gdbm-1.13/build-aux/missing autom4te'
AUTOMAKE='${SHELL} /home/luow/467/Database/dbm/gdbm-1.13/build-aux/missing automake-1.14'
AWK='mawk'
CC='gcc'
CCDEPMODE='depmode=gcc3'
CFLAGS='-g -O2'
COMPATINCLUDEDIR='$(includedir)'
COMPAT_OPT_FALSE=''
COMPAT_OPT_TRUE='#'
CPP='gcc -E'
CPPFLAGS=''
CURSES_LIBS=''
CYGPATH_W='echo'
DEFS='-DHAVE_CONFIG_H'
DEPDIR='.deps'
DLLTOOL='false'
DSYMUTIL=''
DUMPBIN=''
ECHO_C=''
ECHO_N='-n'
ECHO_T=''
EGREP='/bin/grep -E'
ENABLE_EXPORT_FALSE=''
ENABLE_EXPORT_TRUE='#'
EXEEXT=''
FGREP='/bin/grep -F'
GDBM183_INCLUDEDIR='/usr/local/include'
GDBM183_LIBDIR='/usr/local/lib'
GDBM183_LIBRARY='-lgdbm'
GDBM_COND_DEBUG_ENABLE_FALSE=''
GDBM_COND_DEBUG_ENABLE_TRUE='#'
GDBM_COND_READLINE_FALSE=''
GDBM_COND_READLINE_TRUE='#'
GDBM_COUNT_T='unsigned long long int'
GDBM_DEBUG_ENABLE='0'
GDBM_VERSION_MAJOR='1'
GDBM_VERSION_MINOR='13'
GDBM_VERSION_PATCH='0'
GETTEXT_MACRO_VERSION='0.18'
GMSGFMT=':'
GMSGFMT_015=':'
GREP='/bin/grep'
INSTALL_DATA='${INSTALL} -m 644'
INSTALL_PROGRAM='${INSTALL}'
INSTALL_SCRIPT='${INSTALL}'
INSTALL_STRIP_PROGRAM='$(install_sh) -c -s'
INTLLIBS=''
INTL_MACOSX_LIBS=''
LD='/usr/bin/ld -m elf_x86_64'
LDFLAGS=''
LEX=':'
LEXLIB=''
LEX_OUTPUT_ROOT=''
LIBICONV='-liconv'
LIBINTL=''
LIBOBJS=''
LIBS=''
LIBTOOL='$(SHELL) $(top_builddir)/libtool'
LIPO=''
LN_S='ln -s'
LTLIBICONV='-liconv'
LTLIBINTL=''
LTLIBOBJS=''
MAKEINFO='${SHELL} /home/luow/467/Database/dbm/gdbm-1.13/build-aux/missing makeinfo'
MANIFEST_TOOL=':'
MKDIR_P='/bin/mkdir -p'
MSGFMT=':'
MSGFMT_015=':'
MSGMERGE=':'
NM='/usr/bin/nm -B'
NMEDIT=''
OBJDUMP='objdump'
OBJEXT='o'
OTOOL64=''
OTOOL=''
PACKAGE='gdbm'
PACKAGE_BUGREPORT='bug-gdbm@gnu.org'
PACKAGE_NAME='gdbm'
PACKAGE_STRING='gdbm 1.13'
PACKAGE_TARNAME='gdbm'
PACKAGE_URL='http://www.gnu.org/software/gdbm'
PACKAGE_VERSION='1.13'
PATH_SEPARATOR=':'
POSUB='po'
RANLIB='ranlib'
READLINE_LIBS=''
SED='/bin/sed'
SET_MAKE=''
SHELL='/bin/bash'
STRIP='strip'
USE_NLS='yes'
VERSION='1.13'
XGETTEXT=':'
XGETTEXT_015=':'
XGETTEXT_EXTRA_OPTIONS=''
YACC='yacc'
YFLAGS=''
ac_ct_AR='ar'
ac_ct_CC='gcc'
ac_ct_DUMPBIN=''
am__EXEEXT_FALSE=''
am__EXEEXT_TRUE='#'
am__fastdepCC_FALSE='#'
am__fastdepCC_TRUE=''
am__include='include'
am__isrc=''
am__leading_dot='.'
am__nodep='_no'
am__quote=''
am__tar='$${TAR-tar} chof - "$$tardir"'
am__untar='$${TAR-tar} xf -'
bindir='${exec_prefix}/bin'
build='x86_64-unknown-linux-gnu'
build_alias=''
build_cpu='x86_64'
build_os='linux-gnu'
build_vendor='unknown'
datadir='${datarootdir}'
datarootdir='${prefix}/share'
docdir='${datarootdir}/doc/${PACKAGE_TARNAME}'
dvidir='${docdir}'
exec_prefix='${prefix}'
host='x86_64-unknown-linux-gnu'
host_alias=''
host_cpu='x86_64'
host_os='linux-gnu'
host_vendor='unknown'
htmldir='${docdir}'
includedir='${prefix}/include'
infodir='${datarootdir}/info'
install_sh='${SHELL} /home/luow/467/Database/dbm/gdbm-1.13/build-aux/install-sh'
libdir='${exec_prefix}/lib'
libexecdir='${exec_prefix}/libexec'
localedir='${datarootdir}/locale'
localstatedir='${prefix}/var'
mandir='${datarootdir}/man'
mkdir_p='/bin/mkdir -p'
oldincludedir='/usr/include'
pdfdir='${docdir}'
prefix='/usr/local'
program_transform_name='s,x,x,'
psdir='${docdir}'
sbindir='${exec_prefix}/sbin'
sharedstatedir='${prefix}/com'
sysconfdir='${prefix}/etc'
target_alias=''

## ----------- ##
## confdefs.h. ##
## ----------- ##

/* confdefs.h */
#define PACKAGE_NAME "gdbm"
#define PACKAGE_TARNAME "gdbm"
#define PACKAGE_VERSION "1.13"
#define PACKAGE_STRING "gdbm 1.13"
#define PACKAGE_BUGREPORT "bug-gdbm@gnu.org"
#define PACKAGE_URL "http://www.gnu.org/software/gdbm"
#define PACKAGE "gdbm"
#define VERSION "1.13"
#define STDC_HEADERS 1
#define HAVE_SYS_TYPES_H 1
#define HAVE_SYS_STAT_H 1
#define HAVE_STDLIB_H 1
#define HAVE_STRING_H 1
#define HAVE_MEMORY_H 1
#define HAVE_STRINGS_H 1
#define HAVE_INTTYPES_H 1
#define HAVE_STDINT_H 1
#define HAVE_UNISTD_H 1
#define HAVE_DLFCN_H 1
#define LT_OBJDIR ".libs/"
#define HAVE_UNSIGNED_LONG_LONG_INT 1
#define ENABLE_NLS 1
#define HAVE_GETTEXT 1
#define HAVE_DCGETTEXT 1
#define HAVE_SYS_FILE_H 1
#define HAVE_SYS_TERMIOS_H 1
#define HAVE_STRING_H 1
#define HAVE_LOCALE_H 1
#define HAVE_GETOPT_H 1
#define HAVE_FTRUNCATE 1
#define HAVE_FLOCK 1
#define HAVE_LOCKF 1
#define HAVE_FSYNC 1
#define HAVE_SETLOCALE 1
#define HAVE_GETOPT_LONG 1
#define HAVE_STDLIB_H 1
#define HAVE_UNISTD_H 1
#define HAVE_SYS_PARAM_H 1
#define HAVE_GETPAGESIZE 1
#define HAVE_MMAP 1
#define HAVE_MSYNC 1
#define SIZEOF_OFF_T 8
#define HAVE_STRUCT_STAT_ST_BLKSIZE 1

configure: exit 0
